# JRE version: OpenJDK Runtime Environment (11.0.11+9) (build 11.0.11+9-b60-7590822)
# Java VM: OpenJDK 64-Bit Server VM (11.0.11+9-b60-7590822, mixed mode, tiered, compressed oops, g1 gc, windows-amd64)
Heap:
 garbage-first heap   total 69632K, used 41770K [0x0000000080000000, 0x0000000100000000)
  region size 1024K, 14 young (14336K), 2 survivors (2048K)
 Metaspace       used 46647K, capacity 47733K, committed 48076K, reserved 1091584K
  class space    used 6017K, capacity 6467K, committed 6604K, reserved 1048576K
GC Heap History (20 events):
Event: 13.306 GC heap before
{Heap before GC invocations=11 (full 0):
 garbage-first heap   total 57344K, used 41705K [0x0000000080000000, 0x0000000100000000)
  region size 1024K, 23 young (23552K), 2 survivors (2048K)
 Metaspace       used 31608K, capacity 32278K, committed 32512K, reserved 1077248K
  class space    used 4223K, capacity 4502K, committed 4608K, reserved 1048576K
}
Event: 13.311 GC heap after
{Heap after GC invocations=12 (full 0):
 garbage-first heap   total 57344K, used 21550K [0x0000000080000000, 0x0000000100000000)
  region size 1024K, 3 young (3072K), 3 survivors (3072K)
 Metaspace       used 31608K, capacity 32278K, committed 32512K, reserved 1077248K
  class space    used 4223K, capacity 4502K, committed 4608K, reserved 1048576K
}
Event: 13.793 GC heap before
{Heap before GC invocations=12 (full 0):
 garbage-first heap   total 57344K, used 29742K [0x0000000080000000, 0x0000000100000000)
  region size 1024K, 12 young (12288K), 3 survivors (3072K)
 Metaspace       used 34995K, capacity 35786K, committed 35840K, reserved 1081344K
  class space    used 4546K, capacity 4863K, committed 4864K, reserved 1048576K
}
Event: 13.804 GC heap after
{Heap after GC invocations=13 (full 0):
 garbage-first heap   total 57344K, used 22951K [0x0000000080000000, 0x0000000100000000)
  region size 1024K, 3 young (3072K), 3 survivors (3072K)
 Metaspace       used 34995K, capacity 35786K, committed 35840K, reserved 1081344K
  class space    used 4546K, capacity 4863K, committed 4864K, reserved 1048576K
}
Event: 14.157 GC heap before
{Heap before GC invocations=14 (full 0):
 garbage-first heap   total 57344K, used 39335K [0x0000000080000000, 0x0000000100000000)
  region size 1024K, 20 young (20480K), 3 survivors (3072K)
 Metaspace       used 36441K, capacity 37321K, committed 37580K, reserved 1081344K
  class space    used 4697K, capacity 5011K, committed 5068K, reserved 1048576K
}
Event: 14.165 GC heap after
{Heap after GC invocations=15 (full 0):
 garbage-first heap   total 57344K, used 25047K [0x0000000080000000, 0x0000000100000000)
  region size 1024K, 3 young (3072K), 3 survivors (3072K)
 Metaspace       used 36441K, capacity 37321K, committed 37580K, reserved 1081344K
  class space    used 4697K, capacity 5011K, committed 5068K, reserved 1048576K
}
Event: 14.501 GC heap before
{Heap before GC invocations=15 (full 0):
 garbage-first heap   total 57344K, used 41431K [0x0000000080000000, 0x0000000100000000)
  region size 1024K, 19 young (19456K), 3 survivors (3072K)
 Metaspace       used 37557K, capacity 38453K, committed 38604K, reserved 1083392K
  class space    used 4859K, capacity 5194K, committed 5324K, reserved 1048576K
}
Event: 14.507 GC heap after
{Heap after GC invocations=16 (full 0):
 garbage-first heap   total 57344K, used 25876K [0x0000000080000000, 0x0000000100000000)
  region size 1024K, 3 young (3072K), 3 survivors (3072K)
 Metaspace       used 37557K, capacity 38453K, committed 38604K, reserved 1083392K
  class space    used 4859K, capacity 5194K, committed 5324K, reserved 1048576K
}
Event: 14.834 GC heap before
{Heap before GC invocations=16 (full 0):
 garbage-first heap   total 57344K, used 44308K [0x0000000080000000, 0x0000000100000000)
  region size 1024K, 19 young (19456K), 3 survivors (3072K)
 Metaspace       used 38760K, capacity 39766K, committed 39884K, reserved 1083392K
  class space    used 4954K, capacity 5312K, committed 5324K, reserved 1048576K
}
Event: 14.840 GC heap after
{Heap after GC invocations=17 (full 0):
 garbage-first heap   total 57344K, used 27246K [0x0000000080000000, 0x0000000100000000)
  region size 1024K, 3 young (3072K), 3 survivors (3072K)
 Metaspace       used 38760K, capacity 39766K, committed 39884K, reserved 1083392K
  class space    used 4954K, capacity 5312K, committed 5324K, reserved 1048576K
}
Event: 15.246 GC heap before
{Heap before GC invocations=17 (full 0):
 garbage-first heap   total 57344K, used 42606K [0x0000000080000000, 0x0000000100000000)
  region size 1024K, 18 young (18432K), 3 survivors (3072K)
 Metaspace       used 39977K, capacity 40888K, committed 41164K, reserved 1085440K
  class space    used 5108K, capacity 5471K, committed 5580K, reserved 1048576K
}
Event: 15.250 GC heap after
{Heap after GC invocations=18 (full 0):
 garbage-first heap   total 57344K, used 28434K [0x0000000080000000, 0x0000000100000000)
  region size 1024K, 3 young (3072K), 3 survivors (3072K)
 Metaspace       used 39977K, capacity 40888K, committed 41164K, reserved 1085440K
  class space    used 5108K, capacity 5471K, committed 5580K, reserved 1048576K
}
Event: 15.667 GC heap before
{Heap before GC invocations=18 (full 0):
 garbage-first heap   total 57344K, used 43794K [0x0000000080000000, 0x0000000100000000)
  region size 1024K, 18 young (18432K), 3 survivors (3072K)
 Metaspace       used 41324K, capacity 42311K, committed 42572K, reserved 1085440K
  class space    used 5323K, capacity 5681K, committed 5708K, reserved 1048576K
}
Event: 15.674 GC heap after
{Heap after GC invocations=19 (full 0):
 garbage-first heap   total 57344K, used 29171K [0x0000000080000000, 0x0000000100000000)
  region size 1024K, 2 young (2048K), 2 survivors (2048K)
 Metaspace       used 41324K, capacity 42311K, committed 42572K, reserved 1085440K
  class space    used 5323K, capacity 5681K, committed 5708K, reserved 1048576K
}
Event: 15.998 GC heap before
{Heap before GC invocations=20 (full 0):
 garbage-first heap   total 57344K, used 38387K [0x0000000080000000, 0x0000000100000000)
  region size 1024K, 13 young (13312K), 2 survivors (2048K)
 Metaspace       used 42322K, capacity 43309K, committed 43468K, reserved 1087488K
  class space    used 5461K, capacity 5822K, committed 5836K, reserved 1048576K
}
Event: 16.003 GC heap after
{Heap after GC invocations=21 (full 0):
 garbage-first heap   total 69632K, used 29940K [0x0000000080000000, 0x0000000100000000)
  region size 1024K, 2 young (2048K), 2 survivors (2048K)
 Metaspace       used 42322K, capacity 43309K, committed 43468K, reserved 1087488K
  class space    used 5461K, capacity 5822K, committed 5836K, reserved 1048576K
}
Event: 16.422 GC heap before
{Heap before GC invocations=22 (full 0):
 garbage-first heap   total 69632K, used 50420K [0x0000000080000000, 0x0000000100000000)
  region size 1024K, 21 young (21504K), 2 survivors (2048K)
 Metaspace       used 44232K, capacity 45233K, committed 45516K, reserved 1089536K
  class space    used 5671K, capacity 6057K, committed 6092K, reserved 1048576K
}
Event: 16.426 GC heap after
{Heap after GC invocations=23 (full 0):
 garbage-first heap   total 69632K, used 30148K [0x0000000080000000, 0x0000000100000000)
  region size 1024K, 2 young (2048K), 2 survivors (2048K)
 Metaspace       used 44232K, capacity 45233K, committed 45516K, reserved 1089536K
  class space    used 5671K, capacity 6057K, committed 6092K, reserved 1048576K
}
Event: 16.859 GC heap before
{Heap before GC invocations=23 (full 0):
 garbage-first heap   total 69632K, used 50628K [0x0000000080000000, 0x0000000100000000)
  region size 1024K, 22 young (22528K), 2 survivors (2048K)
 Metaspace       used 45782K, capacity 46870K, committed 47052K, reserved 1089536K
  class space    used 5881K, capacity 6283K, committed 6348K, reserved 1048576K
}
Event: 16.863 GC heap after
{Heap after GC invocations=24 (full 0):
 garbage-first heap   total 69632K, used 30506K [0x0000000080000000, 0x0000000100000000)
  region size 1024K, 2 young (2048K), 2 survivors (2048K)
 Metaspace       used 45782K, capacity 46870K, committed 47052K, reserved 1089536K
  class space    used 5881K, capacity 6283K, committed 6348K, reserved 1048576K
}

