# JRE version: OpenJDK Runtime Environment (11.0.11+9) (build 11.0.11+9-b60-7590822)
# Java VM: OpenJDK 64-Bit Server VM (11.0.11+9-b60-7590822, mixed mode, tiered, compressed oops, g1 gc, windows-amd64)
Heap:
 garbage-first heap   total 83968K, used 52868K [0x0000000080000000, 0x0000000100000000)
  region size 1024K, 14 young (14336K), 4 survivors (4096K)
 Metaspace       used 50786K, capacity 52087K, committed 52168K, reserved 1095680K
  class space    used 6485K, capacity 6962K, committed 6988K, reserved 1048576K
GC Heap History (20 events):
Event: 11.641 GC heap before
{Heap before GC invocations=18 (full 0):
 garbage-first heap   total 57344K, used 35524K [0x0000000080000000, 0x0000000100000000)
  region size 1024K, 10 young (10240K), 1 survivors (1024K)
 Metaspace       used 39289K, capacity 40239K, committed 40392K, reserved 1085440K
  class space    used 5036K, capacity 5424K, committed 5452K, reserved 1048576K
}
Event: 11.644 GC heap after
{Heap after GC invocations=19 (full 0):
 garbage-first heap   total 57344K, used 26924K [0x0000000080000000, 0x0000000100000000)
  region size 1024K, 2 young (2048K), 2 survivors (2048K)
 Metaspace       used 39289K, capacity 40239K, committed 40392K, reserved 1085440K
  class space    used 5036K, capacity 5424K, committed 5452K, reserved 1048576K
}
Event: 11.924 GC heap before
{Heap before GC invocations=19 (full 0):
 garbage-first heap   total 57344K, used 38188K [0x0000000080000000, 0x0000000100000000)
  region size 1024K, 13 young (13312K), 2 survivors (2048K)
 Metaspace       used 40274K, capacity 41247K, committed 41544K, reserved 1085440K
  class space    used 5155K, capacity 5504K, committed 5580K, reserved 1048576K
}
Event: 11.928 GC heap after
{Heap after GC invocations=20 (full 0):
 garbage-first heap   total 57344K, used 27704K [0x0000000080000000, 0x0000000100000000)
  region size 1024K, 2 young (2048K), 2 survivors (2048K)
 Metaspace       used 40274K, capacity 41247K, committed 41544K, reserved 1085440K
  class space    used 5155K, capacity 5504K, committed 5580K, reserved 1048576K
}
Event: 12.327 GC heap before
{Heap before GC invocations=20 (full 0):
 garbage-first heap   total 57344K, used 41016K [0x0000000080000000, 0x0000000100000000)
  region size 1024K, 15 young (15360K), 2 survivors (2048K)
 Metaspace       used 41614K, capacity 42618K, committed 42824K, reserved 1087488K
  class space    used 5366K, capacity 5718K, committed 5836K, reserved 1048576K
}
Event: 12.336 GC heap after
{Heap after GC invocations=21 (full 0):
 garbage-first heap   total 57344K, used 28220K [0x0000000080000000, 0x0000000100000000)
  region size 1024K, 2 young (2048K), 2 survivors (2048K)
 Metaspace       used 41614K, capacity 42618K, committed 42824K, reserved 1087488K
  class space    used 5366K, capacity 5718K, committed 5836K, reserved 1048576K
}
Event: 12.609 GC heap before
{Heap before GC invocations=22 (full 0):
 garbage-first heap   total 57344K, used 35388K [0x0000000080000000, 0x0000000100000000)
  region size 1024K, 11 young (11264K), 2 survivors (2048K)
 Metaspace       used 42327K, capacity 43313K, committed 43336K, reserved 1087488K
  class space    used 5462K, capacity 5822K, committed 5836K, reserved 1048576K
}
Event: 12.614 GC heap after
{Heap after GC invocations=23 (full 0):
 garbage-first heap   total 69632K, used 28864K [0x0000000080000000, 0x0000000100000000)
  region size 1024K, 2 young (2048K), 2 survivors (2048K)
 Metaspace       used 42327K, capacity 43313K, committed 43336K, reserved 1087488K
  class space    used 5462K, capacity 5822K, committed 5836K, reserved 1048576K
}
Event: 13.255 GC heap before
{Heap before GC invocations=24 (full 0):
 garbage-first heap   total 69632K, used 49344K [0x0000000080000000, 0x0000000100000000)
  region size 1024K, 21 young (21504K), 2 survivors (2048K)
 Metaspace       used 44232K, capacity 45301K, committed 45384K, reserved 1089536K
  class space    used 5672K, capacity 6057K, committed 6092K, reserved 1048576K
}
Event: 13.259 GC heap after
{Heap after GC invocations=25 (full 0):
 garbage-first heap   total 69632K, used 29186K [0x0000000080000000, 0x0000000100000000)
  region size 1024K, 2 young (2048K), 2 survivors (2048K)
 Metaspace       used 44232K, capacity 45301K, committed 45384K, reserved 1089536K
  class space    used 5672K, capacity 6057K, committed 6092K, reserved 1048576K
}
Event: 13.703 GC heap before
{Heap before GC invocations=25 (full 0):
 garbage-first heap   total 69632K, used 50690K [0x0000000080000000, 0x0000000100000000)
  region size 1024K, 23 young (23552K), 2 survivors (2048K)
 Metaspace       used 45859K, capacity 46968K, committed 47176K, reserved 1089536K
  class space    used 5895K, capacity 6293K, committed 6348K, reserved 1048576K
}
Event: 13.708 GC heap after
{Heap after GC invocations=26 (full 0):
 garbage-first heap   total 69632K, used 29620K [0x0000000080000000, 0x0000000100000000)
  region size 1024K, 2 young (2048K), 2 survivors (2048K)
 Metaspace       used 45859K, capacity 46968K, committed 47176K, reserved 1089536K
  class space    used 5895K, capacity 6293K, committed 6348K, reserved 1048576K
}
Event: 14.673 GC heap before
{Heap before GC invocations=26 (full 0):
 garbage-first heap   total 69632K, used 52148K [0x0000000080000000, 0x0000000100000000)
  region size 1024K, 24 young (24576K), 2 survivors (2048K)
 Metaspace       used 47245K, capacity 48409K, committed 48712K, reserved 1091584K
  class space    used 6062K, capacity 6519K, committed 6604K, reserved 1048576K
}
Event: 14.681 GC heap after
{Heap after GC invocations=27 (full 0):
 garbage-first heap   total 69632K, used 30811K [0x0000000080000000, 0x0000000100000000)
  region size 1024K, 3 young (3072K), 3 survivors (3072K)
 Metaspace       used 47245K, capacity 48409K, committed 48712K, reserved 1091584K
  class space    used 6062K, capacity 6519K, committed 6604K, reserved 1048576K
}
Event: 15.630 GC heap before
{Heap before GC invocations=27 (full 0):
 garbage-first heap   total 69632K, used 51291K [0x0000000080000000, 0x0000000100000000)
  region size 1024K, 24 young (24576K), 3 survivors (3072K)
 Metaspace       used 47822K, capacity 49046K, committed 49352K, reserved 1091584K
  class space    used 6119K, capacity 6598K, committed 6732K, reserved 1048576K
}
Event: 15.639 GC heap after
{Heap after GC invocations=28 (full 0):
 garbage-first heap   total 69632K, used 31936K [0x0000000080000000, 0x0000000100000000)
  region size 1024K, 3 young (3072K), 3 survivors (3072K)
 Metaspace       used 47822K, capacity 49046K, committed 49352K, reserved 1091584K
  class space    used 6119K, capacity 6598K, committed 6732K, reserved 1048576K
}
Event: 15.680 GC heap before
{Heap before GC invocations=28 (full 0):
 garbage-first heap   total 69632K, used 32960K [0x0000000080000000, 0x0000000100000000)
  region size 1024K, 4 young (4096K), 3 survivors (3072K)
 Metaspace       used 47822K, capacity 49046K, committed 49352K, reserved 1091584K
  class space    used 6119K, capacity 6598K, committed 6732K, reserved 1048576K
}
Event: 15.698 GC heap after
{Heap after GC invocations=29 (full 0):
 garbage-first heap   total 83968K, used 33251K [0x0000000080000000, 0x0000000100000000)
  region size 1024K, 2 young (2048K), 2 survivors (2048K)
 Metaspace       used 47822K, capacity 49046K, committed 49352K, reserved 1091584K
  class space    used 6119K, capacity 6598K, committed 6732K, reserved 1048576K
}
Event: 17.953 GC heap before
{Heap before GC invocations=30 (full 0):
 garbage-first heap   total 83968K, used 61923K [0x0000000080000000, 0x0000000100000000)
  region size 1024K, 27 young (27648K), 2 survivors (2048K)
 Metaspace       used 49507K, capacity 50778K, committed 51016K, reserved 1093632K
  class space    used 6326K, capacity 6823K, committed 6860K, reserved 1048576K
}
Event: 17.984 GC heap after
{Heap after GC invocations=31 (full 0):
 garbage-first heap   total 83968K, used 43652K [0x0000000080000000, 0x0000000100000000)
  region size 1024K, 4 young (4096K), 4 survivors (4096K)
 Metaspace       used 49507K, capacity 50778K, committed 51016K, reserved 1093632K
  class space    used 6326K, capacity 6823K, committed 6860K, reserved 1048576K
}

