# JRE version: OpenJDK Runtime Environment (11.0.11+9) (build 11.0.11+9-b60-7590822)
# Java VM: OpenJDK 64-Bit Server VM (11.0.11+9-b60-7590822, mixed mode, tiered, compressed oops, g1 gc, windows-amd64)
Heap:
 garbage-first heap   total 101376K, used 61566K [0x0000000080000000, 0x0000000100000000)
  region size 1024K, 11 young (11264K), 2 survivors (2048K)
 Metaspace       used 65484K, capacity 66932K, committed 67196K, reserved 1107968K
  class space    used 8269K, capacity 8840K, committed 8960K, reserved 1048576K
GC Heap History (20 events):
Event: 15.768 GC heap before
{Heap before GC invocations=22 (full 0):
 garbage-first heap   total 69632K, used 51597K [0x0000000080000000, 0x0000000100000000)
  region size 1024K, 25 young (25600K), 3 survivors (3072K)
 Metaspace       used 45489K, capacity 46558K, committed 46588K, reserved 1089536K
  class space    used 5839K, capacity 6243K, committed 6272K, reserved 1048576K
}
Event: 15.774 GC heap after
{Heap after GC invocations=23 (full 0):
 garbage-first heap   total 69632K, used 29709K [0x0000000080000000, 0x0000000100000000)
  region size 1024K, 2 young (2048K), 2 survivors (2048K)
 Metaspace       used 45489K, capacity 46558K, committed 46588K, reserved 1089536K
  class space    used 5839K, capacity 6243K, committed 6272K, reserved 1048576K
}
Event: 16.848 GC heap before
{Heap before GC invocations=23 (full 0):
 garbage-first heap   total 69632K, used 52237K [0x0000000080000000, 0x0000000100000000)
  region size 1024K, 24 young (24576K), 2 survivors (2048K)
 Metaspace       used 46993K, capacity 48146K, committed 48380K, reserved 1091584K
  class space    used 6029K, capacity 6474K, committed 6528K, reserved 1048576K
}
Event: 16.857 GC heap after
{Heap after GC invocations=24 (full 0):
 garbage-first heap   total 69632K, used 31309K [0x0000000080000000, 0x0000000100000000)
  region size 1024K, 3 young (3072K), 3 survivors (3072K)
 Metaspace       used 46993K, capacity 48146K, committed 48380K, reserved 1091584K
  class space    used 6029K, capacity 6474K, committed 6528K, reserved 1048576K
}
Event: 17.675 GC heap before
{Heap before GC invocations=24 (full 0):
 garbage-first heap   total 69632K, used 52813K [0x0000000080000000, 0x0000000100000000)
  region size 1024K, 25 young (25600K), 3 survivors (3072K)
 Metaspace       used 47843K, capacity 49071K, committed 49276K, reserved 1091584K
  class space    used 6109K, capacity 6586K, committed 6656K, reserved 1048576K
}
Event: 17.686 GC heap after
{Heap after GC invocations=25 (full 0):
 garbage-first heap   total 83968K, used 32630K [0x0000000080000000, 0x0000000100000000)
  region size 1024K, 3 young (3072K), 3 survivors (3072K)
 Metaspace       used 47843K, capacity 49071K, committed 49276K, reserved 1091584K
  class space    used 6109K, capacity 6586K, committed 6656K, reserved 1048576K
}
Event: 18.790 GC heap before
{Heap before GC invocations=25 (full 0):
 garbage-first heap   total 83968K, used 65398K [0x0000000080000000, 0x0000000100000000)
  region size 1024K, 30 young (30720K), 3 survivors (3072K)
 Metaspace       used 49362K, capacity 50666K, committed 50812K, reserved 1093632K
  class space    used 6295K, capacity 6785K, committed 6912K, reserved 1048576K
}
Event: 18.817 GC heap after
{Heap after GC invocations=26 (full 0):
 garbage-first heap   total 83968K, used 44213K [0x0000000080000000, 0x0000000100000000)
  region size 1024K, 4 young (4096K), 4 survivors (4096K)
 Metaspace       used 49362K, capacity 50666K, committed 50812K, reserved 1093632K
  class space    used 6295K, capacity 6785K, committed 6912K, reserved 1048576K
}
Event: 19.480 GC heap before
{Heap before GC invocations=26 (full 0):
 garbage-first heap   total 83968K, used 64693K [0x0000000080000000, 0x0000000100000000)
  region size 1024K, 24 young (24576K), 4 survivors (4096K)
 Metaspace       used 52067K, capacity 53418K, committed 53628K, reserved 1095680K
  class space    used 6624K, capacity 7124K, committed 7168K, reserved 1048576K
}
Event: 19.492 GC heap after
{Heap after GC invocations=27 (full 0):
 garbage-first heap   total 83968K, used 45181K [0x0000000080000000, 0x0000000100000000)
  region size 1024K, 1 young (1024K), 1 survivors (1024K)
 Metaspace       used 52067K, capacity 53418K, committed 53628K, reserved 1095680K
  class space    used 6624K, capacity 7124K, committed 7168K, reserved 1048576K
}
Event: 20.300 GC heap before
{Heap before GC invocations=28 (full 0):
 garbage-first heap   total 83968K, used 65661K [0x0000000080000000, 0x0000000100000000)
  region size 1024K, 21 young (21504K), 1 survivors (1024K)
 Metaspace       used 54972K, capacity 56259K, committed 56572K, reserved 1097728K
  class space    used 6982K, capacity 7475K, committed 7552K, reserved 1048576K
}
Event: 20.304 GC heap after
{Heap after GC invocations=29 (full 0):
 garbage-first heap   total 83968K, used 45744K [0x0000000080000000, 0x0000000100000000)
  region size 1024K, 2 young (2048K), 2 survivors (2048K)
 Metaspace       used 54972K, capacity 56259K, committed 56572K, reserved 1097728K
  class space    used 6982K, capacity 7475K, committed 7552K, reserved 1048576K
}
Event: 21.015 GC heap before
{Heap before GC invocations=29 (full 0):
 garbage-first heap   total 83968K, used 66224K [0x0000000080000000, 0x0000000100000000)
  region size 1024K, 22 young (22528K), 2 survivors (2048K)
 Metaspace       used 58067K, capacity 59468K, committed 59772K, reserved 1101824K
  class space    used 7326K, capacity 7858K, committed 7936K, reserved 1048576K
}
Event: 21.024 GC heap after
{Heap after GC invocations=30 (full 0):
 garbage-first heap   total 83968K, used 46587K [0x0000000080000000, 0x0000000100000000)
  region size 1024K, 3 young (3072K), 3 survivors (3072K)
 Metaspace       used 58067K, capacity 59468K, committed 59772K, reserved 1101824K
  class space    used 7326K, capacity 7858K, committed 7936K, reserved 1048576K
}
Event: 21.831 GC heap before
{Heap before GC invocations=31 (full 0):
 garbage-first heap   total 83968K, used 66043K [0x0000000080000000, 0x0000000100000000)
  region size 1024K, 23 young (23552K), 3 survivors (3072K)
 Metaspace       used 61314K, capacity 62781K, committed 62972K, reserved 1103872K
  class space    used 7738K, capacity 8301K, committed 8320K, reserved 1048576K
}
Event: 21.865 GC heap after
{Heap after GC invocations=32 (full 0):
 garbage-first heap   total 101376K, used 48765K [0x0000000080000000, 0x0000000100000000)
  region size 1024K, 3 young (3072K), 3 survivors (3072K)
 Metaspace       used 61314K, capacity 62781K, committed 62972K, reserved 1103872K
  class space    used 7738K, capacity 8301K, committed 8320K, reserved 1048576K
}
Event: 22.969 GC heap before
{Heap before GC invocations=32 (full 0):
 garbage-first heap   total 101376K, used 75389K [0x0000000080000000, 0x0000000100000000)
  region size 1024K, 30 young (30720K), 3 survivors (3072K)
 Metaspace       used 63586K, capacity 65059K, committed 65276K, reserved 1105920K
  class space    used 8009K, capacity 8565K, committed 8576K, reserved 1048576K
}
Event: 23.007 GC heap after
{Heap after GC invocations=33 (full 0):
 garbage-first heap   total 101376K, used 50800K [0x0000000080000000, 0x0000000100000000)
  region size 1024K, 4 young (4096K), 4 survivors (4096K)
 Metaspace       used 63586K, capacity 65059K, committed 65276K, reserved 1105920K
  class space    used 8009K, capacity 8565K, committed 8576K, reserved 1048576K
}
Event: 24.031 GC heap before
{Heap before GC invocations=34 (full 0):
 garbage-first heap   total 101376K, used 64112K [0x0000000080000000, 0x0000000100000000)
  region size 1024K, 18 young (18432K), 4 survivors (4096K)
 Metaspace       used 64817K, capacity 66349K, committed 66556K, reserved 1107968K
  class space    used 8173K, capacity 8737K, committed 8832K, reserved 1048576K
}
Event: 24.082 GC heap after
{Heap after GC invocations=35 (full 0):
 garbage-first heap   total 101376K, used 52350K [0x0000000080000000, 0x0000000100000000)
  region size 1024K, 2 young (2048K), 2 survivors (2048K)
 Metaspace       used 64817K, capacity 66349K, committed 66556K, reserved 1107968K
  class space    used 8173K, capacity 8737K, committed 8832K, reserved 1048576K
}

