# JRE version: OpenJDK Runtime Environment (11.0.11+9) (build 11.0.11+9-b60-7590822)
# Java VM: OpenJDK 64-Bit Server VM (11.0.11+9-b60-7590822, mixed mode, tiered, compressed oops, g1 gc, windows-amd64)
Heap:
 garbage-first heap   total 121856K, used 77257K [0x0000000080000000, 0x0000000100000000)
  region size 1024K, 24 young (24576K), 4 survivors (4096K)
 Metaspace       used 72105K, capacity 73745K, committed 73852K, reserved 1114112K
  class space    used 9313K, capacity 9928K, committed 9984K, reserved 1048576K
GC Heap History (20 events):
Event: 26.829 GC heap before
{Heap before GC invocations=38 (full 0):
 garbage-first heap   total 83968K, used 60357K [0x0000000080000000, 0x0000000100000000)
  region size 1024K, 16 young (16384K), 1 survivors (1024K)
 Metaspace       used 52507K, capacity 53774K, committed 54012K, reserved 1095680K
  class space    used 6693K, capacity 7202K, committed 7296K, reserved 1048576K
}
Event: 26.833 GC heap after
{Heap after GC invocations=39 (full 0):
 garbage-first heap   total 83968K, used 45586K [0x0000000080000000, 0x0000000100000000)
  region size 1024K, 2 young (2048K), 2 survivors (2048K)
 Metaspace       used 52507K, capacity 53774K, committed 54012K, reserved 1095680K
  class space    used 6693K, capacity 7202K, committed 7296K, reserved 1048576K
}
Event: 27.421 GC heap before
{Heap before GC invocations=39 (full 0):
 garbage-first heap   total 83968K, used 61970K [0x0000000080000000, 0x0000000100000000)
  region size 1024K, 18 young (18432K), 2 survivors (2048K)
 Metaspace       used 55006K, capacity 56323K, committed 56572K, reserved 1097728K
  class space    used 6991K, capacity 7475K, committed 7552K, reserved 1048576K
}
Event: 27.426 GC heap after
{Heap after GC invocations=40 (full 0):
 garbage-first heap   total 83968K, used 46097K [0x0000000080000000, 0x0000000100000000)
  region size 1024K, 2 young (2048K), 2 survivors (2048K)
 Metaspace       used 55006K, capacity 56323K, committed 56572K, reserved 1097728K
  class space    used 6991K, capacity 7475K, committed 7552K, reserved 1048576K
}
Event: 28.102 GC heap before
{Heap before GC invocations=41 (full 0):
 garbage-first heap   total 83968K, used 62481K [0x0000000080000000, 0x0000000100000000)
  region size 1024K, 19 young (19456K), 2 survivors (2048K)
 Metaspace       used 57842K, capacity 59231K, committed 59516K, reserved 1101824K
  class space    used 7295K, capacity 7821K, committed 7936K, reserved 1048576K
}
Event: 28.107 GC heap after
{Heap after GC invocations=42 (full 0):
 garbage-first heap   total 83968K, used 46865K [0x0000000080000000, 0x0000000100000000)
  region size 1024K, 3 young (3072K), 3 survivors (3072K)
 Metaspace       used 57842K, capacity 59231K, committed 59516K, reserved 1101824K
  class space    used 7295K, capacity 7821K, committed 7936K, reserved 1048576K
}
Event: 28.714 GC heap before
{Heap before GC invocations=42 (full 0):
 garbage-first heap   total 83968K, used 63249K [0x0000000080000000, 0x0000000100000000)
  region size 1024K, 20 young (20480K), 3 survivors (3072K)
 Metaspace       used 60764K, capacity 62264K, committed 62460K, reserved 1103872K
  class space    used 7679K, capacity 8236K, committed 8320K, reserved 1048576K
}
Event: 28.723 GC heap after
{Heap after GC invocations=43 (full 0):
 garbage-first heap   total 83968K, used 48499K [0x0000000080000000, 0x0000000100000000)
  region size 1024K, 3 young (3072K), 3 survivors (3072K)
 Metaspace       used 60764K, capacity 62264K, committed 62460K, reserved 1103872K
  class space    used 7679K, capacity 8236K, committed 8320K, reserved 1048576K
}
Event: 29.190 GC heap before
{Heap before GC invocations=44 (full 0):
 garbage-first heap   total 83968K, used 64883K [0x0000000080000000, 0x0000000100000000)
  region size 1024K, 20 young (20480K), 3 survivors (3072K)
 Metaspace       used 62049K, capacity 63521K, committed 63612K, reserved 1103872K
  class space    used 7830K, capacity 8398K, committed 8448K, reserved 1048576K
}
Event: 29.198 GC heap after
{Heap after GC invocations=45 (full 0):
 garbage-first heap   total 83968K, used 50131K [0x0000000080000000, 0x0000000100000000)
  region size 1024K, 3 young (3072K), 3 survivors (3072K)
 Metaspace       used 62049K, capacity 63521K, committed 63612K, reserved 1103872K
  class space    used 7830K, capacity 8398K, committed 8448K, reserved 1048576K
}
Event: 29.698 GC heap before
{Heap before GC invocations=45 (full 0):
 garbage-first heap   total 83968K, used 66515K [0x0000000080000000, 0x0000000100000000)
  region size 1024K, 19 young (19456K), 3 survivors (3072K)
 Metaspace       used 63581K, capacity 65122K, committed 65276K, reserved 1105920K
  class space    used 8013K, capacity 8565K, committed 8576K, reserved 1048576K
}
Event: 29.706 GC heap after
{Heap after GC invocations=46 (full 0):
 garbage-first heap   total 101376K, used 51264K [0x0000000080000000, 0x0000000100000000)
  region size 1024K, 2 young (2048K), 2 survivors (2048K)
 Metaspace       used 63581K, capacity 65122K, committed 65276K, reserved 1105920K
  class space    used 8013K, capacity 8565K, committed 8576K, reserved 1048576K
}
Event: 30.183 GC heap before
{Heap before GC invocations=47 (full 0):
 garbage-first heap   total 101376K, used 64576K [0x0000000080000000, 0x0000000100000000)
  region size 1024K, 16 young (16384K), 2 survivors (2048K)
 Metaspace       used 64790K, capacity 66285K, committed 66556K, reserved 1107968K
  class space    used 8174K, capacity 8737K, committed 8832K, reserved 1048576K
}
Event: 30.189 GC heap after
{Heap after GC invocations=48 (full 0):
 garbage-first heap   total 101376K, used 52247K [0x0000000080000000, 0x0000000100000000)
  region size 1024K, 3 young (3072K), 3 survivors (3072K)
 Metaspace       used 64790K, capacity 66285K, committed 66556K, reserved 1107968K
  class space    used 8174K, capacity 8737K, committed 8832K, reserved 1048576K
}
Event: 31.157 GC heap before
{Heap before GC invocations=49 (full 0):
 garbage-first heap   total 101376K, used 79895K [0x0000000080000000, 0x0000000100000000)
  region size 1024K, 29 young (29696K), 3 survivors (3072K)
 Metaspace       used 65599K, capacity 67073K, committed 67196K, reserved 1107968K
  class space    used 8300K, capacity 8844K, committed 8960K, reserved 1048576K
}
Event: 31.165 GC heap after
{Heap after GC invocations=50 (full 0):
 garbage-first heap   total 101376K, used 54143K [0x0000000080000000, 0x0000000100000000)
  region size 1024K, 3 young (3072K), 3 survivors (3072K)
 Metaspace       used 65599K, capacity 67073K, committed 67196K, reserved 1107968K
  class space    used 8300K, capacity 8844K, committed 8960K, reserved 1048576K
}
Event: 31.954 GC heap before
{Heap before GC invocations=50 (full 0):
 garbage-first heap   total 101376K, used 80767K [0x0000000080000000, 0x0000000100000000)
  region size 1024K, 29 young (29696K), 3 survivors (3072K)
 Metaspace       used 67086K, capacity 68557K, committed 68860K, reserved 1110016K
  class space    used 8482K, capacity 9040K, committed 9088K, reserved 1048576K
}
Event: 31.967 GC heap after
{Heap after GC invocations=51 (full 0):
 garbage-first heap   total 101376K, used 56072K [0x0000000080000000, 0x0000000100000000)
  region size 1024K, 4 young (4096K), 4 survivors (4096K)
 Metaspace       used 67086K, capacity 68557K, committed 68860K, reserved 1110016K
  class space    used 8482K, capacity 9040K, committed 9088K, reserved 1048576K
}
Event: 33.384 GC heap before
{Heap before GC invocations=52 (full 0):
 garbage-first heap   total 101376K, used 80648K [0x0000000080000000, 0x0000000100000000)
  region size 1024K, 29 young (29696K), 4 survivors (4096K)
 Metaspace       used 70363K, capacity 71958K, committed 72060K, reserved 1112064K
  class space    used 9080K, capacity 9661K, committed 9728K, reserved 1048576K
}
Event: 33.402 GC heap after
{Heap after GC invocations=53 (full 0):
 garbage-first heap   total 121856K, used 57801K [0x0000000080000000, 0x0000000100000000)
  region size 1024K, 4 young (4096K), 4 survivors (4096K)
 Metaspace       used 70363K, capacity 71958K, committed 72060K, reserved 1112064K
  class space    used 9080K, capacity 9661K, committed 9728K, reserved 1048576K
}

