# JRE version: OpenJDK Runtime Environment (11.0.11+9) (build 11.0.11+9-b60-7590822)
# Java VM: OpenJDK 64-Bit Server VM (11.0.11+9-b60-7590822, mixed mode, tiered, compressed oops, g1 gc, windows-amd64)
Heap:
 garbage-first heap   total 122880K, used 86655K [0x0000000080000000, 0x0000000100000000)
  region size 1024K, 36 young (36864K), 6 survivors (6144K)
 Metaspace       used 72802K, capacity 74429K, committed 74748K, reserved 1114112K
  class space    used 9413K, capacity 10047K, committed 10112K, reserved 1048576K
GC Heap History (20 events):
Event: 17.126 GC heap before
{Heap before GC invocations=24 (full 0):
 garbage-first heap   total 69632K, used 53991K [0x0000000080000000, 0x0000000100000000)
  region size 1024K, 25 young (25600K), 3 survivors (3072K)
 Metaspace       used 47784K, capacity 48969K, committed 49276K, reserved 1091584K
  class space    used 6105K, capacity 6553K, committed 6656K, reserved 1048576K
}
Event: 17.136 GC heap after
{Heap after GC invocations=25 (full 0):
 garbage-first heap   total 69632K, used 31921K [0x0000000080000000, 0x0000000100000000)
  region size 1024K, 3 young (3072K), 3 survivors (3072K)
 Metaspace       used 47784K, capacity 48969K, committed 49276K, reserved 1091584K
  class space    used 6105K, capacity 6553K, committed 6656K, reserved 1048576K
}
Event: 17.563 GC heap before
{Heap before GC invocations=25 (full 0):
 garbage-first heap   total 69632K, used 37041K [0x0000000080000000, 0x0000000100000000)
  region size 1024K, 9 young (9216K), 3 survivors (3072K)
 Metaspace       used 47932K, capacity 49093K, committed 49276K, reserved 1091584K
  class space    used 6120K, capacity 6592K, committed 6656K, reserved 1048576K
}
Event: 17.582 GC heap after
{Heap after GC invocations=26 (full 0):
 garbage-first heap   total 83968K, used 33545K [0x0000000080000000, 0x0000000100000000)
  region size 1024K, 2 young (2048K), 2 survivors (2048K)
 Metaspace       used 47932K, capacity 49093K, committed 49276K, reserved 1091584K
  class space    used 6120K, capacity 6592K, committed 6656K, reserved 1048576K
}
Event: 19.494 GC heap before
{Heap before GC invocations=27 (full 0):
 garbage-first heap   total 83968K, used 63241K [0x0000000080000000, 0x0000000100000000)
  region size 1024K, 28 young (28672K), 2 survivors (2048K)
 Metaspace       used 49753K, capacity 51017K, committed 51324K, reserved 1093632K
  class space    used 6349K, capacity 6817K, committed 6912K, reserved 1048576K
}
Event: 19.538 GC heap after
{Heap after GC invocations=28 (full 0):
 garbage-first heap   total 83968K, used 43725K [0x0000000080000000, 0x0000000100000000)
  region size 1024K, 4 young (4096K), 4 survivors (4096K)
 Metaspace       used 49753K, capacity 51017K, committed 51324K, reserved 1093632K
  class space    used 6349K, capacity 6817K, committed 6912K, reserved 1048576K
}
Event: 20.978 GC heap before
{Heap before GC invocations=28 (full 0):
 garbage-first heap   total 83968K, used 65229K [0x0000000080000000, 0x0000000100000000)
  region size 1024K, 25 young (25600K), 4 survivors (4096K)
 Metaspace       used 52601K, capacity 53901K, committed 54012K, reserved 1095680K
  class space    used 6703K, capacity 7223K, committed 7296K, reserved 1048576K
}
Event: 21.038 GC heap after
{Heap after GC invocations=29 (full 0):
 garbage-first heap   total 83968K, used 44781K [0x0000000080000000, 0x0000000100000000)
  region size 1024K, 1 young (1024K), 1 survivors (1024K)
 Metaspace       used 52601K, capacity 53901K, committed 54012K, reserved 1095680K
  class space    used 6703K, capacity 7223K, committed 7296K, reserved 1048576K
}
Event: 23.292 GC heap before
{Heap before GC invocations=30 (full 0):
 garbage-first heap   total 83968K, used 66285K [0x0000000080000000, 0x0000000100000000)
  region size 1024K, 22 young (22528K), 1 survivors (1024K)
 Metaspace       used 56071K, capacity 57364K, committed 57468K, reserved 1099776K
  class space    used 7101K, capacity 7610K, committed 7680K, reserved 1048576K
}
Event: 23.299 GC heap after
{Heap after GC invocations=31 (full 0):
 garbage-first heap   total 83968K, used 45355K [0x0000000080000000, 0x0000000100000000)
  region size 1024K, 2 young (2048K), 2 survivors (2048K)
 Metaspace       used 56071K, capacity 57364K, committed 57468K, reserved 1099776K
  class space    used 7101K, capacity 7610K, committed 7680K, reserved 1048576K
}
Event: 24.369 GC heap before
{Heap before GC invocations=31 (full 0):
 garbage-first heap   total 83968K, used 66859K [0x0000000080000000, 0x0000000100000000)
  region size 1024K, 23 young (23552K), 2 survivors (2048K)
 Metaspace       used 59476K, capacity 60972K, committed 61180K, reserved 1101824K
  class space    used 7518K, capacity 8061K, committed 8064K, reserved 1048576K
}
Event: 24.383 GC heap after
{Heap after GC invocations=32 (full 0):
 garbage-first heap   total 83968K, used 46504K [0x0000000080000000, 0x0000000100000000)
  region size 1024K, 3 young (3072K), 3 survivors (3072K)
 Metaspace       used 59476K, capacity 60972K, committed 61180K, reserved 1101824K
  class space    used 7518K, capacity 8061K, committed 8064K, reserved 1048576K
}
Event: 25.169 GC heap before
{Heap before GC invocations=33 (full 0):
 garbage-first heap   total 83968K, used 66984K [0x0000000080000000, 0x0000000100000000)
  region size 1024K, 24 young (24576K), 3 survivors (3072K)
 Metaspace       used 61517K, capacity 62972K, committed 63228K, reserved 1103872K
  class space    used 7755K, capacity 8301K, committed 8320K, reserved 1048576K
}
Event: 25.208 GC heap after
{Heap after GC invocations=34 (full 0):
 garbage-first heap   total 122880K, used 48715K [0x0000000080000000, 0x0000000100000000)
  region size 1024K, 3 young (3072K), 3 survivors (3072K)
 Metaspace       used 61517K, capacity 62972K, committed 63228K, reserved 1103872K
  class space    used 7755K, capacity 8301K, committed 8320K, reserved 1048576K
}
Event: 26.397 GC heap before
{Heap before GC invocations=34 (full 0):
 garbage-first heap   total 122880K, used 83531K [0x0000000080000000, 0x0000000100000000)
  region size 1024K, 37 young (37888K), 3 survivors (3072K)
 Metaspace       used 64800K, capacity 66283K, committed 66556K, reserved 1107968K
  class space    used 8170K, capacity 8737K, committed 8832K, reserved 1048576K
}
Event: 26.415 GC heap after
{Heap after GC invocations=35 (full 0):
 garbage-first heap   total 122880K, used 52291K [0x0000000080000000, 0x0000000100000000)
  region size 1024K, 5 young (5120K), 5 survivors (5120K)
 Metaspace       used 64800K, capacity 66283K, committed 66556K, reserved 1107968K
  class space    used 8170K, capacity 8737K, committed 8832K, reserved 1048576K
}
Event: 27.381 GC heap before
{Heap before GC invocations=35 (full 0):
 garbage-first heap   total 122880K, used 89155K [0x0000000080000000, 0x0000000100000000)
  region size 1024K, 41 young (41984K), 5 survivors (5120K)
 Metaspace       used 65641K, capacity 67233K, committed 67452K, reserved 1107968K
  class space    used 8301K, capacity 8878K, committed 8960K, reserved 1048576K
}
Event: 27.397 GC heap after
{Heap after GC invocations=36 (full 0):
 garbage-first heap   total 122880K, used 54246K [0x0000000080000000, 0x0000000100000000)
  region size 1024K, 5 young (5120K), 5 survivors (5120K)
 Metaspace       used 65641K, capacity 67233K, committed 67452K, reserved 1107968K
  class space    used 8301K, capacity 8878K, committed 8960K, reserved 1048576K
}
Event: 29.134 GC heap before
{Heap before GC invocations=36 (full 0):
 garbage-first heap   total 122880K, used 94182K [0x0000000080000000, 0x0000000100000000)
  region size 1024K, 44 young (45056K), 5 survivors (5120K)
 Metaspace       used 70215K, capacity 71798K, committed 72060K, reserved 1112064K
  class space    used 9049K, capacity 9629K, committed 9728K, reserved 1048576K
}
Event: 29.151 GC heap after
{Heap after GC invocations=37 (full 0):
 garbage-first heap   total 122880K, used 56959K [0x0000000080000000, 0x0000000100000000)
  region size 1024K, 6 young (6144K), 6 survivors (6144K)
 Metaspace       used 70215K, capacity 71798K, committed 72060K, reserved 1112064K
  class space    used 9049K, capacity 9629K, committed 9728K, reserved 1048576K
}

