# JRE version: OpenJDK Runtime Environment (11.0.11+9) (build 11.0.11+9-b60-7590822)
# Java VM: OpenJDK 64-Bit Server VM (11.0.11+9-b60-7590822, mixed mode, tiered, compressed oops, g1 gc, windows-amd64)
Heap:
 garbage-first heap   total 57344K, used 33555K [0x0000000080000000, 0x0000000100000000)
  region size 1024K, 18 young (18432K), 2 survivors (2048K)
 Metaspace       used 24085K, capacity 24673K, committed 24832K, reserved 1071104K
  class space    used 3082K, capacity 3300K, committed 3328K, reserved 1048576K
GC Heap History (14 events):
Event: 2.054 GC heap before
{Heap before GC invocations=0 (full 0):
 garbage-first heap   total 57344K, used 29696K [0x0000000080000000, 0x0000000100000000)
  region size 1024K, 24 young (24576K), 0 survivors (0K)
 Metaspace       used 9865K, capacity 10118K, committed 10368K, reserved 1058816K
  class space    used 1028K, capacity 1102K, committed 1152K, reserved 1048576K
}
Event: 2.070 GC heap after
{Heap after GC invocations=1 (full 0):
 garbage-first heap   total 57344K, used 9336K [0x0000000080000000, 0x0000000100000000)
  region size 1024K, 3 young (3072K), 3 survivors (3072K)
 Metaspace       used 9865K, capacity 10118K, committed 10368K, reserved 1058816K
  class space    used 1028K, capacity 1102K, committed 1152K, reserved 1048576K
}
Event: 2.654 GC heap before
{Heap before GC invocations=1 (full 0):
 garbage-first heap   total 57344K, used 29816K [0x0000000080000000, 0x0000000100000000)
  region size 1024K, 24 young (24576K), 3 survivors (3072K)
 Metaspace       used 10815K, capacity 11009K, committed 11264K, reserved 1058816K
  class space    used 1130K, capacity 1207K, committed 1280K, reserved 1048576K
}
Event: 2.661 GC heap after
{Heap after GC invocations=2 (full 0):
 garbage-first heap   total 57344K, used 10251K [0x0000000080000000, 0x0000000100000000)
  region size 1024K, 1 young (1024K), 1 survivors (1024K)
 Metaspace       used 10815K, capacity 11009K, committed 11264K, reserved 1058816K
  class space    used 1130K, capacity 1207K, committed 1280K, reserved 1048576K
}
Event: 3.053 GC heap before
{Heap before GC invocations=2 (full 0):
 garbage-first heap   total 57344K, used 32779K [0x0000000080000000, 0x0000000100000000)
  region size 1024K, 23 young (23552K), 1 survivors (1024K)
 Metaspace       used 11076K, capacity 11321K, committed 11520K, reserved 1058816K
  class space    used 1179K, capacity 1247K, committed 1280K, reserved 1048576K
}
Event: 3.060 GC heap after
{Heap after GC invocations=3 (full 0):
 garbage-first heap   total 57344K, used 14235K [0x0000000080000000, 0x0000000100000000)
  region size 1024K, 3 young (3072K), 3 survivors (3072K)
 Metaspace       used 11076K, capacity 11321K, committed 11520K, reserved 1058816K
  class space    used 1179K, capacity 1247K, committed 1280K, reserved 1048576K
}
Event: 5.963 GC heap before
{Heap before GC invocations=3 (full 0):
 garbage-first heap   total 57344K, used 36763K [0x0000000080000000, 0x0000000100000000)
  region size 1024K, 25 young (25600K), 3 survivors (3072K)
 Metaspace       used 17197K, capacity 17541K, committed 17792K, reserved 1064960K
  class space    used 1996K, capacity 2108K, committed 2176K, reserved 1048576K
}
Event: 5.969 GC heap after
{Heap after GC invocations=4 (full 0):
 garbage-first heap   total 57344K, used 16432K [0x0000000080000000, 0x0000000100000000)
  region size 1024K, 3 young (3072K), 3 survivors (3072K)
 Metaspace       used 17197K, capacity 17541K, committed 17792K, reserved 1064960K
  class space    used 1996K, capacity 2108K, committed 2176K, reserved 1048576K
}
Event: 6.369 GC heap before
{Heap before GC invocations=4 (full 0):
 garbage-first heap   total 57344K, used 36912K [0x0000000080000000, 0x0000000100000000)
  region size 1024K, 24 young (24576K), 3 survivors (3072K)
 Metaspace       used 19403K, capacity 19840K, committed 19968K, reserved 1067008K
  class space    used 2365K, capacity 2514K, committed 2560K, reserved 1048576K
}
Event: 6.374 GC heap after
{Heap after GC invocations=5 (full 0):
 garbage-first heap   total 57344K, used 17328K [0x0000000080000000, 0x0000000100000000)
  region size 1024K, 1 young (1024K), 1 survivors (1024K)
 Metaspace       used 19403K, capacity 19840K, committed 19968K, reserved 1067008K
  class space    used 2365K, capacity 2514K, committed 2560K, reserved 1048576K
}
Event: 6.605 GC heap before
{Heap before GC invocations=5 (full 0):
 garbage-first heap   total 57344K, used 26544K [0x0000000080000000, 0x0000000100000000)
  region size 1024K, 11 young (11264K), 1 survivors (1024K)
 Metaspace       used 20712K, capacity 21079K, committed 21248K, reserved 1067008K
  class space    used 2540K, capacity 2693K, committed 2816K, reserved 1048576K
}
Event: 6.610 GC heap after
{Heap after GC invocations=6 (full 0):
 garbage-first heap   total 57344K, used 17650K [0x0000000080000000, 0x0000000100000000)
  region size 1024K, 2 young (2048K), 2 survivors (2048K)
 Metaspace       used 20712K, capacity 21079K, committed 21248K, reserved 1067008K
  class space    used 2540K, capacity 2693K, committed 2816K, reserved 1048576K
}
Event: 6.916 GC heap before
{Heap before GC invocations=7 (full 0):
 garbage-first heap   total 57344K, used 37106K [0x0000000080000000, 0x0000000100000000)
  region size 1024K, 21 young (21504K), 2 survivors (2048K)
 Metaspace       used 22512K, capacity 23003K, committed 23040K, reserved 1069056K
  class space    used 2861K, capacity 3042K, committed 3072K, reserved 1048576K
}
Event: 6.919 GC heap after
{Heap after GC invocations=8 (full 0):
 garbage-first heap   total 57344K, used 18195K [0x0000000080000000, 0x0000000100000000)
  region size 1024K, 2 young (2048K), 2 survivors (2048K)
 Metaspace       used 22512K, capacity 23003K, committed 23040K, reserved 1069056K
  class space    used 2861K, capacity 3042K, committed 3072K, reserved 1048576K
}

