# JRE version: OpenJDK Runtime Environment (11.0.11+9) (build 11.0.11+9-b60-7590822)
# Java VM: OpenJDK 64-Bit Server VM (11.0.11+9-b60-7590822, mixed mode, tiered, compressed oops, g1 gc, windows-amd64)
Heap:
 garbage-first heap   total 176128K, used 132731K [0x0000000080000000, 0x0000000100000000)
  region size 1024K, 56 young (57344K), 3 survivors (3072K)
 Metaspace       used 90677K, capacity 92906K, committed 93004K, reserved 1130496K
  class space    used 11254K, capacity 12094K, committed 12108K, reserved 1048576K
GC Heap History (20 events):
Event: 36.081 GC heap before
{Heap before GC invocations=65 (full 0):
 garbage-first heap   total 121856K, used 91587K [0x0000000080000000, 0x0000000100000000)
  region size 1024K, 32 young (32768K), 3 survivors (3072K)
 Metaspace       used 79385K, capacity 81174K, committed 81484K, reserved 1120256K
  class space    used 10299K, capacity 10970K, committed 11084K, reserved 1048576K
}
Event: 36.088 GC heap after
{Heap after GC invocations=66 (full 0):
 garbage-first heap   total 121856K, used 64187K [0x0000000080000000, 0x0000000100000000)
  region size 1024K, 4 young (4096K), 4 survivors (4096K)
 Metaspace       used 79385K, capacity 81174K, committed 81484K, reserved 1120256K
  class space    used 10299K, capacity 10970K, committed 11084K, reserved 1048576K
}
Event: 37.167 GC heap before
{Heap before GC invocations=66 (full 0):
 garbage-first heap   total 121856K, used 92859K [0x0000000080000000, 0x0000000100000000)
  region size 1024K, 33 young (33792K), 4 survivors (4096K)
 Metaspace       used 82517K, capacity 84511K, committed 84684K, reserved 1122304K
  class space    used 10687K, capacity 11441K, committed 11468K, reserved 1048576K
}
Event: 37.184 GC heap after
{Heap after GC invocations=67 (full 0):
 garbage-first heap   total 121856K, used 67954K [0x0000000080000000, 0x0000000100000000)
  region size 1024K, 5 young (5120K), 5 survivors (5120K)
 Metaspace       used 82517K, capacity 84511K, committed 84684K, reserved 1122304K
  class space    used 10687K, capacity 11441K, committed 11468K, reserved 1048576K
}
Event: 37.754 GC heap before
{Heap before GC invocations=68 (full 0):
 garbage-first heap   total 121856K, used 95602K [0x0000000080000000, 0x0000000100000000)
  region size 1024K, 33 young (33792K), 5 survivors (5120K)
 Metaspace       used 83105K, capacity 85212K, committed 85324K, reserved 1122304K
  class space    used 10771K, capacity 11565K, committed 11596K, reserved 1048576K
}
Event: 37.765 GC heap after
{Heap after GC invocations=69 (full 0):
 garbage-first heap   total 146432K, used 70291K [0x0000000080000000, 0x0000000100000000)
  region size 1024K, 3 young (3072K), 3 survivors (3072K)
 Metaspace       used 83105K, capacity 85212K, committed 85324K, reserved 1122304K
  class space    used 10771K, capacity 11565K, committed 11596K, reserved 1048576K
}
Event: 38.730 GC heap before
{Heap before GC invocations=69 (full 0):
 garbage-first heap   total 146432K, used 104083K [0x0000000080000000, 0x0000000100000000)
  region size 1024K, 37 young (37888K), 3 survivors (3072K)
 Metaspace       used 83622K, capacity 85700K, committed 85836K, reserved 1124352K
  class space    used 10810K, capacity 11588K, committed 11596K, reserved 1048576K
}
Event: 38.739 GC heap after
{Heap after GC invocations=70 (full 0):
 garbage-first heap   total 146432K, used 72319K [0x0000000080000000, 0x0000000100000000)
  region size 1024K, 5 young (5120K), 5 survivors (5120K)
 Metaspace       used 83622K, capacity 85700K, committed 85836K, reserved 1124352K
  class space    used 10810K, capacity 11588K, committed 11596K, reserved 1048576K
}
Event: 39.621 GC heap before
{Heap before GC invocations=71 (full 0):
 garbage-first heap   total 146432K, used 110207K [0x0000000080000000, 0x0000000100000000)
  region size 1024K, 43 young (44032K), 5 survivors (5120K)
 Metaspace       used 84200K, capacity 86393K, committed 86476K, reserved 1124352K
  class space    used 10850K, capacity 11669K, committed 11724K, reserved 1048576K
}
Event: 39.631 GC heap after
{Heap after GC invocations=72 (full 0):
 garbage-first heap   total 146432K, used 75160K [0x0000000080000000, 0x0000000100000000)
  region size 1024K, 6 young (6144K), 6 survivors (6144K)
 Metaspace       used 84200K, capacity 86393K, committed 86476K, reserved 1124352K
  class space    used 10850K, capacity 11669K, committed 11724K, reserved 1048576K
}
Event: 40.411 GC heap before
{Heap before GC invocations=72 (full 0):
 garbage-first heap   total 146432K, used 113048K [0x0000000080000000, 0x0000000100000000)
  region size 1024K, 44 young (45056K), 6 survivors (6144K)
 Metaspace       used 84369K, capacity 86497K, committed 86732K, reserved 1124352K
  class space    used 10851K, capacity 11670K, committed 11724K, reserved 1048576K
}
Event: 40.423 GC heap after
{Heap after GC invocations=73 (full 0):
 garbage-first heap   total 146432K, used 78032K [0x0000000080000000, 0x0000000100000000)
  region size 1024K, 6 young (6144K), 6 survivors (6144K)
 Metaspace       used 84369K, capacity 86497K, committed 86732K, reserved 1124352K
  class space    used 10851K, capacity 11670K, committed 11724K, reserved 1048576K
}
Event: 270.199 GC heap before
{Heap before GC invocations=74 (full 0):
 garbage-first heap   total 146432K, used 115920K [0x0000000080000000, 0x0000000100000000)
  region size 1024K, 44 young (45056K), 6 survivors (6144K)
 Metaspace       used 88501K, capacity 90559K, committed 90828K, reserved 1128448K
  class space    used 11181K, capacity 11965K, committed 11980K, reserved 1048576K
}
Event: 270.389 GC heap after
{Heap after GC invocations=75 (full 0):
 garbage-first heap   total 176128K, used 80072K [0x0000000080000000, 0x0000000100000000)
  region size 1024K, 5 young (5120K), 5 survivors (5120K)
 Metaspace       used 88501K, capacity 90559K, committed 90828K, reserved 1128448K
  class space    used 11181K, capacity 11965K, committed 11980K, reserved 1048576K
}
Event: 784.633 GC heap before
{Heap before GC invocations=75 (full 0):
 garbage-first heap   total 176128K, used 136392K [0x0000000080000000, 0x0000000100000000)
  region size 1024K, 61 young (62464K), 5 survivors (5120K)
 Metaspace       used 89281K, capacity 91374K, committed 91724K, reserved 1128448K
  class space    used 11192K, capacity 11981K, committed 12108K, reserved 1048576K
}
Event: 784.855 GC heap after
{Heap after GC invocations=76 (full 0):
 garbage-first heap   total 176128K, used 79019K [0x0000000080000000, 0x0000000100000000)
  region size 1024K, 2 young (2048K), 2 survivors (2048K)
 Metaspace       used 89281K, capacity 91374K, committed 91724K, reserved 1128448K
  class space    used 11192K, capacity 11981K, committed 12108K, reserved 1048576K
}
Event: 936.424 GC heap before
{Heap before GC invocations=76 (full 0):
 garbage-first heap   total 176128K, used 138411K [0x0000000080000000, 0x0000000100000000)
  region size 1024K, 61 young (62464K), 2 survivors (2048K)
 Metaspace       used 89937K, capacity 92125K, committed 92236K, reserved 1130496K
  class space    used 11219K, capacity 12031K, committed 12108K, reserved 1048576K
}
Event: 936.547 GC heap after
{Heap after GC invocations=77 (full 0):
 garbage-first heap   total 176128K, used 79677K [0x0000000080000000, 0x0000000100000000)
  region size 1024K, 2 young (2048K), 2 survivors (2048K)
 Metaspace       used 89937K, capacity 92125K, committed 92236K, reserved 1130496K
  class space    used 11219K, capacity 12031K, committed 12108K, reserved 1048576K
}
Event: 973.733 GC heap before
{Heap before GC invocations=77 (full 0):
 garbage-first heap   total 176128K, used 146237K [0x0000000080000000, 0x0000000100000000)
  region size 1024K, 68 young (69632K), 2 survivors (2048K)
 Metaspace       used 90391K, capacity 92709K, committed 92748K, reserved 1130496K
  class space    used 11247K, capacity 12082K, committed 12108K, reserved 1048576K
}
Event: 973.841 GC heap after
{Heap after GC invocations=78 (full 0):
 garbage-first heap   total 176128K, used 80507K [0x0000000080000000, 0x0000000100000000)
  region size 1024K, 3 young (3072K), 3 survivors (3072K)
 Metaspace       used 90391K, capacity 92709K, committed 92748K, reserved 1130496K
  class space    used 11247K, capacity 12082K, committed 12108K, reserved 1048576K
}

